--- Startup times for process: Primary (or UI client) ---

times in msec
 clock   self+sourced   self:  sourced script
 clock   elapsed:              other lines

000.002  000.002: --- NVIM STARTING ---
000.329  000.327: event init
000.388  000.059: early init
000.429  000.041: locale set
000.461  000.032: init first window
000.696  000.235: inits 1
000.699  000.004: window checked
000.701  000.002: parsing arguments
001.002  000.026  000.026: require('vim.shared')
001.068  000.023  000.023: require('vim.inspect')
001.099  000.025  000.025: require('vim._options')
001.102  000.098  000.050: require('vim._editor')
001.102  000.140  000.016: require('vim._init_packages')
001.103  000.262: init lua interpreter
001.901  000.798: nvim_ui_attach
002.182  000.281: nvim_set_client_info
002.183  000.001: --- NVIM STARTED ---

--- Startup times for process: Embedded ---

times in msec
 clock   self+sourced   self:  sourced script
 clock   elapsed:              other lines

000.001  000.001: --- NVIM STARTING ---
000.081  000.080: event init
000.124  000.043: early init
000.155  000.031: locale set
000.184  000.029: init first window
000.373  000.189: inits 1
000.382  000.009: window checked
000.383  000.001: parsing arguments
000.673  000.025  000.025: require('vim.shared')
000.728  000.023  000.023: require('vim.inspect')
000.760  000.028  000.028: require('vim._options')
000.761  000.087  000.036: require('vim._editor')
000.762  000.127  000.015: require('vim._init_packages')
000.763  000.252: init lua interpreter
000.821  000.058: expanding arguments
000.833  000.012: inits 2
000.970  000.138: init highlight
000.971  000.000: waiting for UI
001.055  000.084: done waiting for UI
001.060  000.005: clear screen
001.134  000.010  000.010: require('vim.keymap')
001.556  000.063  000.063: sourcing nvim_exec2()
001.624  000.563  000.490: require('vim._defaults')
001.625  000.002: init default mappings & autocommands
001.989  000.028  000.028: sourcing /home/gsmith-alvarez/.local/share/mise/installs/neovim/0.11.6/share/nvim/runtime/ftplugin.vim
002.041  000.013  000.013: sourcing /home/gsmith-alvarez/.local/share/mise/installs/neovim/0.11.6/share/nvim/runtime/indent.vim
002.301  000.135  000.135: require('core.options')
003.050  000.003  000.003: require('vim.F')
003.071  000.721  000.718: require('vim.diagnostic')
003.162  000.859  000.138: require('core.keymaps')
003.218  000.056  000.056: require('core.autocmds')
003.338  000.119  000.119: require('core.commands')
003.414  000.027  000.027: require('core.utils')
003.418  000.079  000.052: require('core.format')
003.492  000.073  000.073: require('core.lint')
004.487  000.956  000.956: require('mini.deps')
004.514  000.005  000.005: sourcing nvim_exec2() called at /home/gsmith-alvarez/.config/nvim/init.lua:0
004.914  000.355  000.355: require('plugins.toggleterm')
004.955  000.039  000.039: require('plugins.which-key')
004.976  000.020  000.020: require('plugins.yazi')
005.000  000.024  000.024: require('plugins.noice')
006.305  000.056  000.056: require('vim.treesitter.language')
006.329  000.022  000.022: require('vim.func')
006.370  000.040  000.040: require('vim.func._memoize')
006.382  000.403  000.286: require('vim.treesitter.query')
006.452  000.069  000.069: require('vim.treesitter._range')
006.461  000.782  000.309: require('vim.treesitter.languagetree')
006.467  001.188  000.406: require('vim.treesitter')
006.469  001.203  000.015: sourcing /home/gsmith-alvarez/.local/share/nvim/site/pack/deps/opt/tabout.nvim/plugin/tabout.lua
006.558  001.516  000.313: sourcing nvim_exec2() called at /home/gsmith-alvarez/.config/nvim/init.lua:0
006.694  000.031  000.031: require('tabout.config')
006.697  000.060  000.029: require('tabout.logger')
006.734  000.037  000.037: require('tabout.utils')
006.873  000.079  000.079: require('tabout.node')
006.875  000.140  000.061: require('tabout.tab')
006.876  000.317  000.080: require('tabout')
007.036  002.035  000.202: require('plugins.tabout')
007.273  000.193  000.193: sourcing nvim_exec2() called at /home/gsmith-alvarez/.config/nvim/init.lua:0
007.755  000.141  000.141: require('catppuccin')
007.853  000.030  000.030: require('catppuccin.lib.hashing')
008.700  001.092  000.922: sourcing /home/gsmith-alvarez/.local/share/nvim/site/pack/deps/opt/nvim/colors/catppuccin-mocha.vim
008.724  001.686  000.402: require('plugins.colors')
008.804  000.080  000.080: require('plugins.completion')
008.879  000.074  000.074: require('plugins.debug')
008.954  000.074  000.074: require('plugins.harpoon')
008.984  000.029  000.029: require('plugins.indent')
009.034  000.050  000.050: require('plugins.lazygit')
009.160  000.125  000.125: require('plugins.lsp')
009.226  000.066  000.066: require('plugins.mini')
009.265  000.038  000.038: require('plugins.refactoring')
009.305  000.039  000.039: require('plugins.telescope')
009.359  000.053  000.053: require('plugins.training')
009.396  000.037  000.037: require('plugins.treesitter')
009.429  000.032  000.032: require('plugins.ui')
009.475  000.045  000.045: require('plugins.ui_utils')
009.495  000.020  000.020: require('plugins.vim-be-good')
009.496  007.406  000.201: sourcing /home/gsmith-alvarez/.config/nvim/init.lua
009.499  000.427: sourcing vimrc file(s)
009.665  000.010  000.010: sourcing /usr/share/nvim/site/ftdetect/ghostty.vim
009.685  000.093  000.082: sourcing nvim_exec2() called at /home/gsmith-alvarez/.local/share/mise/installs/neovim/0.11.6/share/nvim/runtime/filetype.lua:0
009.687  000.128  000.035: sourcing /home/gsmith-alvarez/.local/share/mise/installs/neovim/0.11.6/share/nvim/runtime/filetype.lua
009.818  000.033  000.033: sourcing /home/gsmith-alvarez/.local/share/mise/installs/neovim/0.11.6/share/nvim/runtime/syntax/synload.vim
009.860  000.127  000.094: sourcing /home/gsmith-alvarez/.local/share/mise/installs/neovim/0.11.6/share/nvim/runtime/syntax/syntax.vim
010.081  000.014  000.014: sourcing /home/gsmith-alvarez/.local/share/nvim/site/pack/deps/opt/tabout.nvim/plugin/tabout.lua
010.425  000.289  000.289: sourcing /usr/share/nvim/site/plugin/fzf.vim
010.777  000.086  000.086: sourcing /home/gsmith-alvarez/.local/share/mise/installs/neovim/0.11.6/share/nvim/runtime/plugin/gzip.vim
011.193  000.074  000.074: sourcing /home/gsmith-alvarez/.local/share/mise/installs/neovim/0.11.6/share/nvim/runtime/pack/dist/opt/matchit/plugin/matchit.vim
011.228  000.426  000.352: sourcing /home/gsmith-alvarez/.local/share/mise/installs/neovim/0.11.6/share/nvim/runtime/plugin/matchit.vim
011.304  000.053  000.053: sourcing /home/gsmith-alvarez/.local/share/mise/installs/neovim/0.11.6/share/nvim/runtime/plugin/matchparen.vim
011.753  000.111  000.111: sourcing /home/gsmith-alvarez/.local/share/mise/installs/neovim/0.11.6/share/nvim/runtime/pack/dist/opt/netrw/plugin/netrwPlugin.vim
011.788  000.459  000.348: sourcing /home/gsmith-alvarez/.local/share/mise/installs/neovim/0.11.6/share/nvim/runtime/plugin/netrwPlugin.vim
011.881  000.065  000.065: sourcing /home/gsmith-alvarez/.local/share/mise/installs/neovim/0.11.6/share/nvim/runtime/plugin/rplugin.vim
011.931  000.023  000.023: sourcing /home/gsmith-alvarez/.local/share/mise/installs/neovim/0.11.6/share/nvim/runtime/plugin/shada.vim
011.971  000.007  000.007: sourcing /home/gsmith-alvarez/.local/share/mise/installs/neovim/0.11.6/share/nvim/runtime/plugin/spellfile.vim
012.036  000.038  000.038: sourcing /home/gsmith-alvarez/.local/share/mise/installs/neovim/0.11.6/share/nvim/runtime/plugin/tarPlugin.vim
012.073  000.008  000.008: sourcing /home/gsmith-alvarez/.local/share/mise/installs/neovim/0.11.6/share/nvim/runtime/plugin/tutor.vim
012.154  000.053  000.053: sourcing /home/gsmith-alvarez/.local/share/mise/installs/neovim/0.11.6/share/nvim/runtime/plugin/zipPlugin.vim
012.216  000.023  000.023: sourcing /home/gsmith-alvarez/.local/share/mise/installs/neovim/0.11.6/share/nvim/runtime/plugin/editorconfig.lua
012.274  000.030  000.030: sourcing /home/gsmith-alvarez/.local/share/mise/installs/neovim/0.11.6/share/nvim/runtime/plugin/man.lua
012.332  000.031  000.031: sourcing /home/gsmith-alvarez/.local/share/mise/installs/neovim/0.11.6/share/nvim/runtime/plugin/osc52.lua
012.377  000.018  000.018: sourcing /home/gsmith-alvarez/.local/share/mise/installs/neovim/0.11.6/share/nvim/runtime/plugin/tohtml.lua
012.388  001.010: loading rtp plugins
012.501  000.114: loading packages
012.791  000.289: loading after plugins
012.795  000.005: inits 3
013.897  001.101: reading ShaDa
013.952  000.055: opening buffers
015.092  000.346  000.346: require('render-markdown.settings')
015.095  000.710  000.363: require('render-markdown')
015.157  000.061  000.061: require('render-markdown.lib.presets')
015.312  000.044  000.044: require('render-markdown.lib.compat')
015.424  000.024  000.024: require('render-markdown.lib.list')
015.427  000.114  000.090: require('render-markdown.lib.env')
015.599  000.031  000.031: require('render-markdown.lib.interval')
015.635  000.035  000.035: require('render-markdown.lib.str')
015.653  000.121  000.056: require('render-markdown.lib.line')
015.682  000.029  000.029: require('render-markdown.lib.resolved')
015.707  000.024  000.024: require('render-markdown.lib.iter')
015.708  000.228  000.054: require('render-markdown.lib.config')
015.709  000.281  000.053: require('render-markdown.state')
015.757  000.046  000.046: require('render-markdown.core.ts')
015.875  000.032  000.032: require('render-markdown.request.context')
015.935  000.059  000.059: require('render-markdown.core.log')
015.937  000.180  000.089: require('render-markdown.core.ui')
015.989  000.050  000.050: require('render-markdown.core.colors')
016.095  000.036  000.036: require('render-markdown.api')
016.096  000.081  000.045: require('render-markdown.core.command')
016.175  000.066  000.066: require('render-markdown.core.manager')
016.189  001.818  000.187: sourcing /home/gsmith-alvarez/.local/share/nvim/site/pack/deps/opt/render-markdown.nvim/plugin/render-markdown.lua
016.254  002.036  000.218: sourcing nvim_exec2() called at BufEnter Autocommands for "*":0
016.409  000.136  000.136: sourcing nvim_exec2() called at BufEnter Autocommands for "*":0
016.745  000.332  000.332: require('trouble')
016.845  000.098  000.098: require('trouble.config')
017.066  000.129  000.129: require('trouble.util')
017.068  000.188  000.059: require('trouble.config.highlights')
017.412  000.036  000.036: require('trouble.cache')
017.548  000.135  000.135: require('trouble.format')
017.598  000.050  000.050: require('trouble.view.indent')
017.696  000.096  000.096: require('trouble.view.text')
017.699  000.436  000.119: require('trouble.view.render')
017.700  000.516  000.080: require('trouble.view.preview')
017.701  000.568  000.052: require('trouble.view.main')
017.734  000.020  000.020: require('vim.fs')
017.775  000.445: BufEnter autocommands
017.776  000.001: editing files in windows
017.779  000.003: --- NVIM STARTED ---

